<?xml version="1.0" encoding="UTF-8"?>
<!-- Generated by org.testng.reporters.JUnitXMLReporter -->
<testsuite ignored="0" hostname="Janani" failures="3" tests="7" name="Test" time="65.999" errors="0" timestamp="2023-02-23T19:28:15 PST">
  <testcase classname="com.ae.shopping.testCases.FieldPresenceValidations" name="F2301_AE_url_title" time="0.026">
    <skipped/>
  </testcase> <!-- F2301_AE_url_title -->
  <testcase classname="com.ae.shopping.testCases.FieldPresenceValidations" name="F2301_AE_url_title" time="0.015">
    <failure type="java.lang.AssertionError" message="expected [Men’s &amp;amp; Women’s Jeans, Clothes &amp;amp; Accessories | American Eagl] but found [Men’s &amp;amp; Women’s Jeans, Clothes &amp;amp; Accessories | American Eagle]">
      <![CDATA[java.lang.AssertionError: expected [Men’s & Women’s Jeans, Clothes & Accessories | American Eagl] but found [Men’s & Women’s Jeans, Clothes & Accessories | American Eagle]
at com.ae.shopping.testCases.FieldPresenceValidations.F2301_AE_url_title(FieldPresenceValidations.java:22)
at java.base/java.util.ArrayList.forEach(ArrayList.java:1511)
... Removed 33 stack frames]]>
    </failure>
  </testcase> <!-- F2301_AE_url_title -->
  <testcase classname="com.ae.shopping.testCases.FieldPresenceValidations" name="F2301_AE_womenMenu_topsOption_display" time="0.818"/>
  <testcase classname="com.ae.shopping.testCases.FieldPresenceValidations" name="F2301_AE_product_display" time="4.53"/>
  <testcase classname="com.ae.shopping.testCases.ShopTops" name="F2301_AE_product_description_display" time="5.578"/>
  <testcase classname="com.ae.shopping.testCases.ErrorScenario" name="checkDevToolsBrokenLink" time="0.505">
    <failure type="java.lang.AssertionError">
      <![CDATA[java.lang.AssertionError
at org.junit.Assert.fail(Assert.java:86)
at org.junit.Assert.assertTrue(Assert.java:41)
at org.junit.Assert.assertTrue(Assert.java:52)
at com.ae.shopping.testCases.ErrorScenario.checkDevToolsBrokenLink(ErrorScenario.java:28)
at java.base/java.util.ArrayList.forEach(ArrayList.java:1511)
... Removed 27 stack frames]]>
    </failure>
  </testcase> <!-- checkDevToolsBrokenLink -->
  <testcase classname="com.ae.shopping.testCases.ErrorScenario" name="checkNetworkLoadingFailed" time="0.463">
    <failure type="org.openqa.selenium.WebDriverException" message="unknown error: net::ERR_INTERNET_DISCONNECTED
  (Session info: chrome=110.0.5481.177)
Build info: version: &amp;apos;4.7.2&amp;apos;, revision: &amp;apos;4d4020c3b7&amp;apos;
System info: os.name: &amp;apos;Windows 11&amp;apos;, os.arch: &amp;apos;amd64&amp;apos;, os.version: &amp;apos;10.0&amp;apos;, java.version: &amp;apos;17.0.5&amp;apos;
Driver info: org.openqa.selenium.remote.RemoteWebDriver$ByteBuddy$m1eGwUIV
Command: [ee06eca07531f6b27438699455b5c4c1, get {url=https://www.amazon.com}]
Capabilities {acceptInsecureCerts: false, browserName: chrome, browserVersion: 110.0.5481.177, chrome: {chromedriverVersion: 110.0.5481.77 (65ed616c6e8e..., userDataDir: C:\Users\jansr\AppData\Loca...}, goog:chromeOptions: {debuggerAddress: localhost:50260}, networkConnectionEnabled: false, pageLoadStrategy: normal, platformName: Windows 11, proxy: Proxy(), se:bidiEnabled: false, se:cdp: ws://10.0.0.152:4444/sessio..., se:cdpVersion: 110.0.5481.177, setWindowRect: true, strictFileInteractability: false, timeouts: {implicit: 0, pageLoad: 300000, script: 30000}, unhandledPromptBehavior: dismiss and notify, webauthn:extension:credBlob: true, webauthn:extension:largeBlob: true, webauthn:virtualAuthenticators: true}
Session ID: ee06eca07531f6b27438699455b5c4c1">
      <![CDATA[org.openqa.selenium.WebDriverException: unknown error: net::ERR_INTERNET_DISCONNECTED
  (Session info: chrome=110.0.5481.177)
Build info: version: '4.7.2', revision: '4d4020c3b7'
System info: os.name: 'Windows 11', os.arch: 'amd64', os.version: '10.0', java.version: '17.0.5'
Driver info: org.openqa.selenium.remote.RemoteWebDriver$ByteBuddy$m1eGwUIV
Command: [ee06eca07531f6b27438699455b5c4c1, get {url=https://www.amazon.com}]
Capabilities {acceptInsecureCerts: false, browserName: chrome, browserVersion: 110.0.5481.177, chrome: {chromedriverVersion: 110.0.5481.77 (65ed616c6e8e..., userDataDir: C:\Users\jansr\AppData\Loca...}, goog:chromeOptions: {debuggerAddress: localhost:50260}, networkConnectionEnabled: false, pageLoadStrategy: normal, platformName: Windows 11, proxy: Proxy(), se:bidiEnabled: false, se:cdp: ws://10.0.0.152:4444/sessio..., se:cdpVersion: 110.0.5481.177, setWindowRect: true, strictFileInteractability: false, timeouts: {implicit: 0, pageLoad: 300000, script: 30000}, unhandledPromptBehavior: dismiss and notify, webauthn:extension:credBlob: true, webauthn:extension:largeBlob: true, webauthn:virtualAuthenticators: true}
Session ID: ee06eca07531f6b27438699455b5c4c1
at org.openqa.selenium.remote.codec.w3c.W3CHttpResponseCodec.createException(W3CHttpResponseCodec.java:200)
at org.openqa.selenium.remote.codec.w3c.W3CHttpResponseCodec.decode(W3CHttpResponseCodec.java:133)
at org.openqa.selenium.remote.codec.w3c.W3CHttpResponseCodec.decode(W3CHttpResponseCodec.java:53)
at org.openqa.selenium.remote.HttpCommandExecutor.execute(HttpCommandExecutor.java:184)
at org.openqa.selenium.remote.TracedCommandExecutor.execute(TracedCommandExecutor.java:51)
at org.openqa.selenium.remote.RemoteWebDriver.execute(RemoteWebDriver.java:535)
at org.openqa.selenium.remote.RemoteWebDriver.get(RemoteWebDriver.java:296)
at com.ae.shopping.testCases.ErrorScenario.checkNetworkLoadingFailed(ErrorScenario.java:39)
at java.base/java.util.ArrayList.forEach(ArrayList.java:1511)
... Removed 32 stack frames]]>
    </failure>
  </testcase> <!-- checkNetworkLoadingFailed -->
</testsuite> <!-- Test -->
