<?xml version="1.0" encoding="UTF-8"?>
<!-- Generated by org.testng.reporters.JUnitXMLReporter -->
<testsuite ignored="0" hostname="Janani" failures="0" tests="3" name="Default test" time="3.421" errors="0" timestamp="2023-03-21T21:20:50 PDT">
  <testcase classname="com.ae.shopping.baseTest.DawnDusk" name="@BeforeClass launchApp" time="3.195">
    <failure type="org.openqa.selenium.remote.http.ConnectionFailedException" message="Unable to establish websocket connection to http://10.0.0.152:4444/session/f6483a4f2efe3e2257fdca4881e78a94/se/cdp
Build info: version: &amp;apos;4.7.2&amp;apos;, revision: &amp;apos;4d4020c3b7&amp;apos;
System info: os.name: &amp;apos;Windows 11&amp;apos;, os.arch: &amp;apos;amd64&amp;apos;, os.version: &amp;apos;10.0&amp;apos;, java.version: &amp;apos;17.0.5&amp;apos;
Driver info: driver.version: unknown">
      <![CDATA[org.openqa.selenium.remote.http.ConnectionFailedException: Unable to establish websocket connection to http://10.0.0.152:4444/session/f6483a4f2efe3e2257fdca4881e78a94/se/cdp
Build info: version: '4.7.2', revision: '4d4020c3b7'
System info: os.name: 'Windows 11', os.arch: 'amd64', os.version: '10.0', java.version: '17.0.5'
Driver info: driver.version: unknown
at org.openqa.selenium.remote.http.netty.NettyWebSocket.<init>(NettyWebSocket.java:102)
at org.openqa.selenium.remote.http.netty.NettyWebSocket.lambda$create$3(NettyWebSocket.java:128)
at org.openqa.selenium.remote.http.netty.NettyClient.openSocket(NettyClient.java:107)
at org.openqa.selenium.devtools.Connection.<init>(Connection.java:78)
at org.openqa.selenium.devtools.SeleniumCdpConnection.<init>(SeleniumCdpConnection.java:34)
at org.openqa.selenium.devtools.SeleniumCdpConnection.lambda$create$0(SeleniumCdpConnection.java:56)
at java.base/java.util.Optional.map(Optional.java:260)
at org.openqa.selenium.devtools.SeleniumCdpConnection.create(SeleniumCdpConnection.java:54)
at org.openqa.selenium.devtools.SeleniumCdpConnection.create(SeleniumCdpConnection.java:47)
at org.openqa.selenium.devtools.DevToolsProvider.getImplementation(DevToolsProvider.java:50)
at org.openqa.selenium.devtools.DevToolsProvider.getImplementation(DevToolsProvider.java:31)
at org.openqa.selenium.remote.Augmenter.augment(Augmenter.java:179)
at com.ae.shopping.baseTest.DawnDusk.driverSetup(DawnDusk.java:90)
at com.ae.shopping.baseTest.DawnDusk.launchApp(DawnDusk.java:118)
at java.base/jdk.internal.reflect.NativeMethodAccessorImpl.invoke0(Native Method)
at java.base/jdk.internal.reflect.NativeMethodAccessorImpl.invoke(NativeMethodAccessorImpl.java:77)
at java.base/jdk.internal.reflect.DelegatingMethodAccessorImpl.invoke(DelegatingMethodAccessorImpl.java:43)
at java.base/java.lang.reflect.Method.invoke(Method.java:568)
at org.testng.internal.MethodInvocationHelper.invokeMethod(MethodInvocationHelper.java:133)
at org.testng.internal.MethodInvocationHelper.invokeMethodConsideringTimeout(MethodInvocationHelper.java:62)
at org.testng.internal.ConfigInvoker.invokeConfigurationMethod(ConfigInvoker.java:385)
at org.testng.internal.ConfigInvoker.invokeConfigurations(ConfigInvoker.java:321)
at org.testng.internal.TestMethodWorker.invokeBeforeClassMethods(TestMethodWorker.java:176)
at org.testng.internal.TestMethodWorker.run(TestMethodWorker.java:122)
at java.base/java.util.ArrayList.forEach(ArrayList.java:1511)
at org.testng.TestRunner.privateRun(TestRunner.java:794)
at org.testng.TestRunner.run(TestRunner.java:596)
at org.testng.SuiteRunner.runTest(SuiteRunner.java:377)
at org.testng.SuiteRunner.runSequentially(SuiteRunner.java:371)
at org.testng.SuiteRunner.privateRun(SuiteRunner.java:332)
at org.testng.SuiteRunner.run(SuiteRunner.java:276)
at org.testng.SuiteRunnerWorker.runSuite(SuiteRunnerWorker.java:53)
at org.testng.SuiteRunnerWorker.run(SuiteRunnerWorker.java:96)
at org.testng.TestNG.runSuitesSequentially(TestNG.java:1212)
at org.testng.TestNG.runSuitesLocally(TestNG.java:1134)
at org.testng.TestNG.runSuites(TestNG.java:1063)
at org.testng.TestNG.run(TestNG.java:1031)
at org.testng.remote.AbstractRemoteTestNG.run(AbstractRemoteTestNG.java:115)
at org.testng.remote.RemoteTestNG.initAndRun(RemoteTestNG.java:251)
at org.testng.remote.RemoteTestNG.main(RemoteTestNG.java:77)
]]>
    </failure>
  </testcase> <!-- @BeforeClass launchApp -->
  <testcase classname="com.ae.shopping.baseTest.DawnDusk" name="@BeforeMethod makeItNull" time="-1.679458850014E9">
    <skipped/>
  </testcase> <!-- @BeforeMethod makeItNull -->
  <testcase classname="com.ae.shopping.baseTest.DawnDusk" name="@BeforeMethod makeItNull" time="-1.679458850022E9">
    <skipped/>
  </testcase> <!-- @BeforeMethod makeItNull -->
  <testcase classname="com.ae.shopping.baseTest.DawnDusk" name="@BeforeMethod makeItNull" time="-1.679458850029E9">
    <skipped/>
  </testcase> <!-- @BeforeMethod makeItNull -->
  <testcase classname="com.ae.shopping.testCases.FieldPresenceValidations" name="F2301_AE_url_title" time="0.0">
    <skipped/>
  </testcase> <!-- F2301_AE_url_title -->
  <testcase classname="com.ae.shopping.testCases.FieldPresenceValidations" name="F2301_AE_womenMenu_topsOption_display" time="0.0">
    <skipped/>
  </testcase> <!-- F2301_AE_womenMenu_topsOption_display -->
  <testcase classname="com.ae.shopping.testCases.FieldPresenceValidations" name="F2301_AE_product_display" time="0.0">
    <skipped/>
  </testcase> <!-- F2301_AE_product_display -->
</testsuite> <!-- Default test -->
