<?xml version="1.0" encoding="UTF-8"?>
<testng-results retried="1" ignored="0" total="4" passed="1" failed="2" skipped="0">
  <reporter-output>
  </reporter-output>
  <suite started-at="2023-03-06T16:03:36 PST" name="Suite" finished-at="2023-03-06T16:03:56 PST" duration-ms="20667">
    <groups>
      <group name="chromeinvokation">
        <method signature="FieldPresenceValidations.F2301_AE_url_title(java.util.HashMap)[pri:1, instance:com.ae.shopping.testCases.FieldPresenceValidations@673fdbce]" name="F2301_AE_url_title" class="com.ae.shopping.testCases.FieldPresenceValidations"/>
      </group> <!-- chromeinvokation -->
    </groups>
    <test started-at="2023-03-06T16:03:36 PST" name="HappyPathTestCases" finished-at="2023-03-06T16:03:56 PST" duration-ms="20667">
      <class name="com.ae.shopping.testCases.FieldPresenceValidations">
        <test-method is-config="true" signature="launchApp()[pri:0, instance:com.ae.shopping.testCases.FieldPresenceValidations@673fdbce]" started-at="2023-03-06T16:03:36 PST" name="launchApp" finished-at="2023-03-06T16:03:49 PST" duration-ms="13152" status="PASS">
          <reporter-output>
          </reporter-output>
        </test-method> <!-- launchApp -->
        <test-method retried="true" signature="F2301_AE_url_title(java.util.HashMap)[pri:1, instance:com.ae.shopping.testCases.FieldPresenceValidations@673fdbce]" started-at="2023-03-06T16:03:49 PST" name="F2301_AE_url_title" data-provider="exptdDataSetUp" finished-at="2023-03-06T16:03:49 PST" duration-ms="80" status="SKIP">
          <params>
            <param index="0">
              <value>
                <![CDATA[{exptdUrlTitle=Men’s & Women’s Jeans, Clothes & Accessories | American Eagl, exptdOptFrmWomen=Tops, exptdProdName=AE Go Big Shirt}]]>
              </value>
            </param>
          </params>
          <exception class="java.lang.AssertionError">
            <message>
              <![CDATA[expected [Men’s & Women’s Jeans, Clothes & Accessories | American Eagl] but found [Men’s & Women’s Jeans, Clothes & Accessories | American Eagle]]]>
            </message>
            <full-stacktrace>
              <![CDATA[java.lang.AssertionError: expected [Men’s & Women’s Jeans, Clothes & Accessories | American Eagl] but found [Men’s & Women’s Jeans, Clothes & Accessories | American Eagle]
at org.testng.Assert.fail(Assert.java:110)
at org.testng.Assert.failNotEquals(Assert.java:1577)
at org.testng.Assert.assertEqualsImpl(Assert.java:149)
at org.testng.Assert.assertEquals(Assert.java:131)
at org.testng.Assert.assertEquals(Assert.java:655)
at org.testng.Assert.assertEquals(Assert.java:665)
at com.ae.shopping.testCases.FieldPresenceValidations.F2301_AE_url_title(FieldPresenceValidations.java:22)
at java.base/jdk.internal.reflect.NativeMethodAccessorImpl.invoke0(Native Method)
at java.base/jdk.internal.reflect.NativeMethodAccessorImpl.invoke(NativeMethodAccessorImpl.java:77)
at java.base/jdk.internal.reflect.DelegatingMethodAccessorImpl.invoke(DelegatingMethodAccessorImpl.java:43)
at java.base/java.lang.reflect.Method.invoke(Method.java:568)
at org.testng.internal.invokers.MethodInvocationHelper.invokeMethod(MethodInvocationHelper.java:139)
at org.testng.internal.invokers.TestInvoker.invokeMethod(TestInvoker.java:677)
at org.testng.internal.invokers.TestInvoker.invokeTestMethod(TestInvoker.java:221)
at org.testng.internal.invokers.MethodRunner.runInSequence(MethodRunner.java:50)
at org.testng.internal.invokers.TestInvoker$MethodInvocationAgent.invoke(TestInvoker.java:969)
at org.testng.internal.invokers.TestInvoker.invokeTestMethods(TestInvoker.java:194)
at org.testng.internal.invokers.TestMethodWorker.invokeTestMethods(TestMethodWorker.java:148)
at org.testng.internal.invokers.TestMethodWorker.run(TestMethodWorker.java:128)
at java.base/java.util.ArrayList.forEach(ArrayList.java:1511)
at org.testng.TestRunner.privateRun(TestRunner.java:829)
at org.testng.TestRunner.run(TestRunner.java:602)
at org.testng.SuiteRunner.runTest(SuiteRunner.java:437)
at org.testng.SuiteRunner.runSequentially(SuiteRunner.java:431)
at org.testng.SuiteRunner.privateRun(SuiteRunner.java:391)
at org.testng.SuiteRunner.run(SuiteRunner.java:330)
at org.testng.SuiteRunnerWorker.runSuite(SuiteRunnerWorker.java:52)
at org.testng.SuiteRunnerWorker.run(SuiteRunnerWorker.java:95)
at org.testng.TestNG.runSuitesSequentially(TestNG.java:1256)
at org.testng.TestNG.runSuitesLocally(TestNG.java:1176)
at org.testng.TestNG.runSuites(TestNG.java:1099)
at org.testng.TestNG.run(TestNG.java:1067)
at org.apache.maven.surefire.testng.TestNGExecutor.run(TestNGExecutor.java:324)
at org.apache.maven.surefire.testng.TestNGXmlTestSuite.execute(TestNGXmlTestSuite.java:74)
at org.apache.maven.surefire.testng.TestNGProvider.invoke(TestNGProvider.java:123)
at org.apache.maven.surefire.booter.ForkedBooter.runSuitesInProcess(ForkedBooter.java:456)
at org.apache.maven.surefire.booter.ForkedBooter.execute(ForkedBooter.java:169)
at org.apache.maven.surefire.booter.ForkedBooter.run(ForkedBooter.java:595)
at org.apache.maven.surefire.booter.ForkedBooter.main(ForkedBooter.java:581)
]]>
            </full-stacktrace>
          </exception> <!-- java.lang.AssertionError -->
          <reporter-output>
          </reporter-output>
        </test-method> <!-- F2301_AE_url_title -->
        <test-method is-config="true" signature="makeItNull()[pri:0, instance:com.ae.shopping.testCases.FieldPresenceValidations@673fdbce]" started-at="2023-03-06T16:03:49 PST" name="makeItNull" finished-at="2023-03-06T16:03:49 PST" duration-ms="0" status="PASS">
          <reporter-output>
          </reporter-output>
        </test-method> <!-- makeItNull -->
        <test-method signature="F2301_AE_url_title(java.util.HashMap)[pri:1, instance:com.ae.shopping.testCases.FieldPresenceValidations@673fdbce]" started-at="2023-03-06T16:03:49 PST" name="F2301_AE_url_title" data-provider="exptdDataSetUp" finished-at="2023-03-06T16:03:50 PST" duration-ms="29" status="FAIL">
          <params>
            <param index="0">
              <value>
                <![CDATA[{exptdUrlTitle=Men’s & Women’s Jeans, Clothes & Accessories | American Eagl, exptdOptFrmWomen=Tops, exptdProdName=AE Go Big Shirt}]]>
              </value>
            </param>
          </params>
          <exception class="java.lang.AssertionError">
            <message>
              <![CDATA[expected [Men’s & Women’s Jeans, Clothes & Accessories | American Eagl] but found [Men’s & Women’s Jeans, Clothes & Accessories | American Eagle]]]>
            </message>
            <full-stacktrace>
              <![CDATA[java.lang.AssertionError: expected [Men’s & Women’s Jeans, Clothes & Accessories | American Eagl] but found [Men’s & Women’s Jeans, Clothes & Accessories | American Eagle]
at org.testng.Assert.fail(Assert.java:110)
at org.testng.Assert.failNotEquals(Assert.java:1577)
at org.testng.Assert.assertEqualsImpl(Assert.java:149)
at org.testng.Assert.assertEquals(Assert.java:131)
at org.testng.Assert.assertEquals(Assert.java:655)
at org.testng.Assert.assertEquals(Assert.java:665)
at com.ae.shopping.testCases.FieldPresenceValidations.F2301_AE_url_title(FieldPresenceValidations.java:22)
at java.base/jdk.internal.reflect.NativeMethodAccessorImpl.invoke0(Native Method)
at java.base/jdk.internal.reflect.NativeMethodAccessorImpl.invoke(NativeMethodAccessorImpl.java:77)
at java.base/jdk.internal.reflect.DelegatingMethodAccessorImpl.invoke(DelegatingMethodAccessorImpl.java:43)
at java.base/java.lang.reflect.Method.invoke(Method.java:568)
at org.testng.internal.invokers.MethodInvocationHelper.invokeMethod(MethodInvocationHelper.java:139)
at org.testng.internal.invokers.TestInvoker.invokeMethod(TestInvoker.java:677)
at org.testng.internal.invokers.TestInvoker.retryFailed(TestInvoker.java:263)
at org.testng.internal.invokers.MethodRunner.runInSequence(MethodRunner.java:62)
at org.testng.internal.invokers.TestInvoker$MethodInvocationAgent.invoke(TestInvoker.java:969)
at org.testng.internal.invokers.TestInvoker.invokeTestMethods(TestInvoker.java:194)
at org.testng.internal.invokers.TestMethodWorker.invokeTestMethods(TestMethodWorker.java:148)
at org.testng.internal.invokers.TestMethodWorker.run(TestMethodWorker.java:128)
at java.base/java.util.ArrayList.forEach(ArrayList.java:1511)
at org.testng.TestRunner.privateRun(TestRunner.java:829)
at org.testng.TestRunner.run(TestRunner.java:602)
at org.testng.SuiteRunner.runTest(SuiteRunner.java:437)
at org.testng.SuiteRunner.runSequentially(SuiteRunner.java:431)
at org.testng.SuiteRunner.privateRun(SuiteRunner.java:391)
at org.testng.SuiteRunner.run(SuiteRunner.java:330)
at org.testng.SuiteRunnerWorker.runSuite(SuiteRunnerWorker.java:52)
at org.testng.SuiteRunnerWorker.run(SuiteRunnerWorker.java:95)
at org.testng.TestNG.runSuitesSequentially(TestNG.java:1256)
at org.testng.TestNG.runSuitesLocally(TestNG.java:1176)
at org.testng.TestNG.runSuites(TestNG.java:1099)
at org.testng.TestNG.run(TestNG.java:1067)
at org.apache.maven.surefire.testng.TestNGExecutor.run(TestNGExecutor.java:324)
at org.apache.maven.surefire.testng.TestNGXmlTestSuite.execute(TestNGXmlTestSuite.java:74)
at org.apache.maven.surefire.testng.TestNGProvider.invoke(TestNGProvider.java:123)
at org.apache.maven.surefire.booter.ForkedBooter.runSuitesInProcess(ForkedBooter.java:456)
at org.apache.maven.surefire.booter.ForkedBooter.execute(ForkedBooter.java:169)
at org.apache.maven.surefire.booter.ForkedBooter.run(ForkedBooter.java:595)
at org.apache.maven.surefire.booter.ForkedBooter.main(ForkedBooter.java:581)
]]>
            </full-stacktrace>
          </exception> <!-- java.lang.AssertionError -->
          <reporter-output>
          </reporter-output>
        </test-method> <!-- F2301_AE_url_title -->
        <test-method is-config="true" signature="makeItNull()[pri:0, instance:com.ae.shopping.testCases.FieldPresenceValidations@673fdbce]" started-at="2023-03-06T16:03:49 PST" name="makeItNull" finished-at="2023-03-06T16:03:49 PST" duration-ms="0" status="PASS">
          <reporter-output>
          </reporter-output>
        </test-method> <!-- makeItNull -->
        <test-method signature="F2301_AE_womenMenu_topsOption_display(java.util.HashMap)[pri:2, instance:com.ae.shopping.testCases.FieldPresenceValidations@673fdbce]" started-at="2023-03-06T16:03:50 PST" name="F2301_AE_womenMenu_topsOption_display" data-provider="exptdDataSetUp" finished-at="2023-03-06T16:03:51 PST" duration-ms="909" status="PASS">
          <params>
            <param index="0">
              <value>
                <![CDATA[{exptdUrlTitle=Men’s & Women’s Jeans, Clothes & Accessories | American Eagl, exptdOptFrmWomen=Tops, exptdProdName=AE Go Big Shirt}]]>
              </value>
            </param>
          </params>
          <reporter-output>
          </reporter-output>
        </test-method> <!-- F2301_AE_womenMenu_topsOption_display -->
        <test-method is-config="true" signature="makeItNull()[pri:0, instance:com.ae.shopping.testCases.FieldPresenceValidations@673fdbce]" started-at="2023-03-06T16:03:50 PST" name="makeItNull" finished-at="2023-03-06T16:03:50 PST" duration-ms="0" status="PASS">
          <reporter-output>
          </reporter-output>
        </test-method> <!-- makeItNull -->
        <test-method signature="F2301_AE_product_display(java.util.HashMap)[pri:3, instance:com.ae.shopping.testCases.FieldPresenceValidations@673fdbce]" started-at="2023-03-06T16:03:51 PST" name="F2301_AE_product_display" data-provider="exptdDataSetUp" finished-at="2023-03-06T16:03:56 PST" duration-ms="4768" status="FAIL">
          <params>
            <param index="0">
              <value>
                <![CDATA[{exptdUrlTitle=Men’s & Women’s Jeans, Clothes & Accessories | American Eagl, exptdOptFrmWomen=Tops, exptdProdName=AE Go Big Shirt}]]>
              </value>
            </param>
          </params>
          <exception class="java.lang.AssertionError">
            <message>
              <![CDATA[Expected product name from Now Trending header is not present expected [true] but found [false]]]>
            </message>
            <full-stacktrace>
              <![CDATA[java.lang.AssertionError: Expected product name from Now Trending header is not present expected [true] but found [false]
at org.testng.Assert.fail(Assert.java:110)
at org.testng.Assert.failNotEquals(Assert.java:1577)
at org.testng.Assert.assertTrue(Assert.java:56)
at com.ae.shopping.testCases.FieldPresenceValidations.F2301_AE_product_display(FieldPresenceValidations.java:37)
at java.base/jdk.internal.reflect.NativeMethodAccessorImpl.invoke0(Native Method)
at java.base/jdk.internal.reflect.NativeMethodAccessorImpl.invoke(NativeMethodAccessorImpl.java:77)
at java.base/jdk.internal.reflect.DelegatingMethodAccessorImpl.invoke(DelegatingMethodAccessorImpl.java:43)
at java.base/java.lang.reflect.Method.invoke(Method.java:568)
at org.testng.internal.invokers.MethodInvocationHelper.invokeMethod(MethodInvocationHelper.java:139)
at org.testng.internal.invokers.TestInvoker.invokeMethod(TestInvoker.java:677)
at org.testng.internal.invokers.TestInvoker.invokeTestMethod(TestInvoker.java:221)
at org.testng.internal.invokers.MethodRunner.runInSequence(MethodRunner.java:50)
at org.testng.internal.invokers.TestInvoker$MethodInvocationAgent.invoke(TestInvoker.java:969)
at org.testng.internal.invokers.TestInvoker.invokeTestMethods(TestInvoker.java:194)
at org.testng.internal.invokers.TestMethodWorker.invokeTestMethods(TestMethodWorker.java:148)
at org.testng.internal.invokers.TestMethodWorker.run(TestMethodWorker.java:128)
at java.base/java.util.ArrayList.forEach(ArrayList.java:1511)
at org.testng.TestRunner.privateRun(TestRunner.java:829)
at org.testng.TestRunner.run(TestRunner.java:602)
at org.testng.SuiteRunner.runTest(SuiteRunner.java:437)
at org.testng.SuiteRunner.runSequentially(SuiteRunner.java:431)
at org.testng.SuiteRunner.privateRun(SuiteRunner.java:391)
at org.testng.SuiteRunner.run(SuiteRunner.java:330)
at org.testng.SuiteRunnerWorker.runSuite(SuiteRunnerWorker.java:52)
at org.testng.SuiteRunnerWorker.run(SuiteRunnerWorker.java:95)
at org.testng.TestNG.runSuitesSequentially(TestNG.java:1256)
at org.testng.TestNG.runSuitesLocally(TestNG.java:1176)
at org.testng.TestNG.runSuites(TestNG.java:1099)
at org.testng.TestNG.run(TestNG.java:1067)
at org.apache.maven.surefire.testng.TestNGExecutor.run(TestNGExecutor.java:324)
at org.apache.maven.surefire.testng.TestNGXmlTestSuite.execute(TestNGXmlTestSuite.java:74)
at org.apache.maven.surefire.testng.TestNGProvider.invoke(TestNGProvider.java:123)
at org.apache.maven.surefire.booter.ForkedBooter.runSuitesInProcess(ForkedBooter.java:456)
at org.apache.maven.surefire.booter.ForkedBooter.execute(ForkedBooter.java:169)
at org.apache.maven.surefire.booter.ForkedBooter.run(ForkedBooter.java:595)
at org.apache.maven.surefire.booter.ForkedBooter.main(ForkedBooter.java:581)
]]>
            </full-stacktrace>
          </exception> <!-- java.lang.AssertionError -->
          <reporter-output>
          </reporter-output>
        </test-method> <!-- F2301_AE_product_display -->
        <test-method is-config="true" signature="makeItNull()[pri:0, instance:com.ae.shopping.testCases.FieldPresenceValidations@673fdbce]" started-at="2023-03-06T16:03:51 PST" name="makeItNull" finished-at="2023-03-06T16:03:51 PST" duration-ms="0" status="PASS">
          <reporter-output>
          </reporter-output>
        </test-method> <!-- makeItNull -->
      </class> <!-- com.ae.shopping.testCases.FieldPresenceValidations -->
    </test> <!-- HappyPathTestCases -->
  </suite> <!-- Suite -->
</testng-results>
